# JRE version: OpenJDK Runtime Environment Corretto-11.0.17.8.1 (11.0.17+8) (build 11.0.17+8-LTS)
# Java VM: OpenJDK 64-Bit Server VM Corretto-11.0.17.8.1 (11.0.17+8-LTS, mixed mode, tiered, compressed oops, g1 gc, windows-amd64)
Heap:
 garbage-first heap   total 155648K, used 25988K [0x0000000083000000, 0x0000000100000000)
  region size 1024K, 17 young (17408K), 8 survivors (8192K)
 Metaspace       used 50326K, capacity 51477K, committed 51580K, reserved 1093632K
  class space    used 6125K, capacity 6581K, committed 6604K, reserved 1048576K
GC Heap History (12 events):
Event: 2.189 GC heap before
{Heap before GC invocations=0 (full 0):
 garbage-first heap   total 129024K, used 24576K [0x0000000083000000, 0x0000000100000000)
  region size 1024K, 24 young (24576K), 0 survivors (0K)
 Metaspace       used 12551K, capacity 12742K, committed 12928K, reserved 1060864K
  class space    used 1217K, capacity 1296K, committed 1408K, reserved 1048576K
}
Event: 2.202 GC heap after
{Heap after GC invocations=1 (full 0):
 garbage-first heap   total 129024K, used 6521K [0x0000000083000000, 0x0000000100000000)
  region size 1024K, 3 young (3072K), 3 survivors (3072K)
 Metaspace       used 12551K, capacity 12742K, committed 12928K, reserved 1060864K
  class space    used 1217K, capacity 1296K, committed 1408K, reserved 1048576K
}
Event: 3.830 GC heap before
{Heap before GC invocations=1 (full 0):
 garbage-first heap   total 129024K, used 29049K [0x0000000083000000, 0x0000000100000000)
  region size 1024K, 25 young (25600K), 3 survivors (3072K)
 Metaspace       used 17543K, capacity 18054K, committed 18304K, reserved 1064960K
  class space    used 1869K, capacity 2052K, committed 2176K, reserved 1048576K
}
Event: 3.844 GC heap after
{Heap after GC invocations=2 (full 0):
 garbage-first heap   total 129024K, used 7876K [0x0000000083000000, 0x0000000100000000)
  region size 1024K, 2 young (2048K), 2 survivors (2048K)
 Metaspace       used 17543K, capacity 18054K, committed 18304K, reserved 1064960K
  class space    used 1869K, capacity 2052K, committed 2176K, reserved 1048576K
}
Event: 4.336 GC heap before
{Heap before GC invocations=2 (full 0):
 garbage-first heap   total 129024K, used 22212K [0x0000000083000000, 0x0000000100000000)
  region size 1024K, 18 young (18432K), 2 survivors (2048K)
 Metaspace       used 20703K, capacity 21205K, committed 21296K, reserved 1069056K
  class space    used 2222K, capacity 2404K, committed 2432K, reserved 1048576K
}
Event: 4.341 GC heap after
{Heap after GC invocations=3 (full 0):
 garbage-first heap   total 129024K, used 8287K [0x0000000083000000, 0x0000000100000000)
  region size 1024K, 2 young (2048K), 2 survivors (2048K)
 Metaspace       used 20703K, capacity 21205K, committed 21296K, reserved 1069056K
  class space    used 2222K, capacity 2404K, committed 2432K, reserved 1048576K
}
Event: 7.669 GC heap before
{Heap before GC invocations=4 (full 0):
 garbage-first heap   total 129024K, used 68703K [0x0000000083000000, 0x0000000100000000)
  region size 1024K, 62 young (63488K), 2 survivors (2048K)
 Metaspace       used 27883K, capacity 28560K, committed 28668K, reserved 1075200K
  class space    used 3100K, capacity 3358K, committed 3404K, reserved 1048576K
}
Event: 7.690 GC heap after
{Heap after GC invocations=5 (full 0):
 garbage-first heap   total 129024K, used 10414K [0x0000000083000000, 0x0000000100000000)
  region size 1024K, 4 young (4096K), 4 survivors (4096K)
 Metaspace       used 27883K, capacity 28560K, committed 28668K, reserved 1075200K
  class space    used 3100K, capacity 3358K, committed 3404K, reserved 1048576K
}
Event: 13.725 GC heap before
{Heap before GC invocations=6 (full 0):
 garbage-first heap   total 129024K, used 80046K [0x0000000083000000, 0x0000000100000000)
  region size 1024K, 72 young (73728K), 4 survivors (4096K)
 Metaspace       used 38014K, capacity 39011K, committed 39164K, reserved 1083392K
  class space    used 4400K, capacity 4810K, committed 4940K, reserved 1048576K
}
Event: 13.781 GC heap after
{Heap after GC invocations=7 (full 0):
 garbage-first heap   total 129024K, used 14560K [0x0000000083000000, 0x0000000100000000)
  region size 1024K, 8 young (8192K), 8 survivors (8192K)
 Metaspace       used 38014K, capacity 39011K, committed 39164K, reserved 1083392K
  class space    used 4400K, capacity 4810K, committed 4940K, reserved 1048576K
}
Event: 15.883 GC heap before
{Heap before GC invocations=7 (full 0):
 garbage-first heap   total 129024K, used 49376K [0x0000000083000000, 0x0000000100000000)
  region size 1024K, 43 young (44032K), 8 survivors (8192K)
 Metaspace       used 46440K, capacity 47597K, committed 47740K, reserved 1091584K
  class space    used 5603K, capacity 6079K, committed 6092K, reserved 1048576K
}
Event: 15.911 GC heap after
{Heap after GC invocations=8 (full 0):
 garbage-first heap   total 155648K, used 17796K [0x0000000083000000, 0x0000000100000000)
  region size 1024K, 8 young (8192K), 8 survivors (8192K)
 Metaspace       used 46440K, capacity 47597K, committed 47740K, reserved 1091584K
  class space    used 5603K, capacity 6079K, committed 6092K, reserved 1048576K
}

